{"uuid":"fd691cb2-1a94-4200-adf6-0c46949cf1f9","name":"Scenario: Verify Login Fuctionalities","children":["fccb3870-0c63-4fe1-ac29-1aed27700d89"],"befores":[{"name":"step_definitions.Hooks.setup()","status":"passed","stage":"finished","steps":[],"attachments":[],"parameters":[],"start":1643081443240,"stop":1643081450372}],"afters":[{"name":"step_definitions.Hooks.tearDown(io.cucumber.java.Scenario)","status":"failed","statusDetails":{"known":false,"muted":false,"flaky":false,"message":"AFTER is failed: \r\nThe following assertion failed:\r\n1) expected:<\"Employee Login[]\"> but was:<\"Employee Login[ and ]\">\r\n","trace":"org.assertj.core.api.SoftAssertionError: \r\nThe following assertion failed:\r\n1) expected:<\"Employee Login[]\"> but was:<\"Employee Login[ and ]\">\r\n\r\n\tat org.assertj.core.error.AssertionErrorCreator.multipleSoftAssertionsError(AssertionErrorCreator.java:100)\r\n\tat org.assertj.core.api.AbstractSoftAssertions.assertAll(AbstractSoftAssertions.java:37)\r\n\tat org.assertj.core.api.AbstractSoftAssertions.assertAll(AbstractSoftAssertions.java:42)\r\n\tat step_definitions.Hooks.tearDown(Hooks.java:40)\r\n"},"stage":"finished","steps":[],"attachments":[],"parameters":[],"start":1643081457389,"stop":1643081457405}],"links":[],"start":1643081443231,"stop":1643081457445}